moises@Moisess-Air Produccion-Tesis % python3 ~/Desktop/Produccion-Tesis/simulacion5.py

Replica: 1
Set parameter Username
Academic license - for non-commercial use only - expires 2023-12-07
Optimizacion 1
Optimizacion 8
Optimizacion 15
Optimizacion 22
Optimizacion 29
Optimizacion 36
Optimizacion 43
Optimizacion 50
Optimizacion 57
Optimizacion 64
Optimizacion 71
Optimizacion 78
Optimizacion 85
Optimizacion 92
Optimizacion 99
Optimizacion 106
Optimizacion 113
Optimizacion 120
Optimizacion 127
Optimizacion 134
Optimizacion 141
Optimizacion 148
Optimizacion 155
Optimizacion 162
Optimizacion 169
Optimizacion 176
Optimizacion 183
Optimizacion 190
Optimizacion 197
Optimizacion 204
Optimizacion 211
Optimizacion 218
Optimizacion 225
Optimizacion 232
Optimizacion 239
Optimizacion 246
Optimizacion 253
Optimizacion 260
Optimizacion 267
Optimizacion 274
Optimizacion 281
Optimizacion 288
Optimizacion 295
Optimizacion 302
Optimizacion 309
Optimizacion 316
Optimizacion 323
Optimizacion 330
Optimizacion 337
Optimizacion 344
Optimizacion 351
Optimizacion 358
Optimizacion 365
Optimizacion 372
Optimizacion 379
Optimizacion 386
Optimizacion 393
Optimizacion 400
Optimizacion 407
Optimizacion 414
Optimizacion 421
Optimizacion 428
Optimizacion 435
Optimizacion 442
Optimizacion 449
Optimizacion 456
Optimizacion 463
Optimizacion 470
Optimizacion 477
Optimizacion 484
Optimizacion 491
Optimizacion 498
Optimizacion 505
Optimizacion 512
Optimizacion 519
Optimizacion 526
Optimizacion 533
Optimizacion 540
Optimizacion 547
Optimizacion 554
Optimizacion 561
Optimizacion 568
Optimizacion 575
Optimizacion 582
Optimizacion 589
Optimizacion 596
Optimizacion 603
Optimizacion 610
Optimizacion 617
Optimizacion 624

Replica: 2
Optimizacion 1
Optimizacion 8
Optimizacion 15
Optimizacion 22
Optimizacion 29
Optimizacion 36
Optimizacion 43
Optimizacion 50
Optimizacion 57
Optimizacion 64
Optimizacion 71
Optimizacion 78
Optimizacion 85
Optimizacion 92
Optimizacion 99
Optimizacion 106
Optimizacion 113
Optimizacion 120
Optimizacion 127
Optimizacion 134
Optimizacion 141
Optimizacion 148
Optimizacion 155
Optimizacion 162
Optimizacion 169
Optimizacion 176
Optimizacion 183
Optimizacion 190
Optimizacion 197
Optimizacion 204
Optimizacion 211
Optimizacion 218
Optimizacion 225
Optimizacion 232
Optimizacion 239
Optimizacion 246
Optimizacion 253
Optimizacion 260
Optimizacion 267
Optimizacion 274
Optimizacion 281
Optimizacion 288
Optimizacion 295
Optimizacion 302
Optimizacion 309
Optimizacion 316
Optimizacion 323
Optimizacion 330
Optimizacion 337
Optimizacion 344
Optimizacion 351
Optimizacion 358
Optimizacion 365
Optimizacion 372
Optimizacion 379
Optimizacion 386
Optimizacion 393
Optimizacion 400
Optimizacion 407
Optimizacion 414
Optimizacion 421
Optimizacion 428
Optimizacion 435
Optimizacion 442
Optimizacion 449
Optimizacion 456
Optimizacion 463
Optimizacion 470
Optimizacion 477
Optimizacion 484
Optimizacion 491
Optimizacion 498
Optimizacion 505
Optimizacion 512
Optimizacion 519
Optimizacion 526
Optimizacion 533
Optimizacion 540
Optimizacion 547
Optimizacion 554
Optimizacion 561
Optimizacion 568
Optimizacion 575
Optimizacion 582
Optimizacion 589
Optimizacion 596
Optimizacion 603
Optimizacion 610
Optimizacion 617
Optimizacion 624

Replica: 3
Optimizacion 1
Optimizacion 8
Optimizacion 15
Optimizacion 22
Optimizacion 29
Optimizacion 36
Optimizacion 43
Optimizacion 50
Optimizacion 57
Optimizacion 64
Optimizacion 71
Optimizacion 78
Optimizacion 85
Optimizacion 92
Optimizacion 99
Optimizacion 106
Optimizacion 113
Optimizacion 120
Optimizacion 127
Optimizacion 134
Optimizacion 141
Optimizacion 148
Optimizacion 155
Optimizacion 162
Optimizacion 169
Optimizacion 176
Optimizacion 183
Optimizacion 190
Optimizacion 197
Optimizacion 204
Optimizacion 211
Optimizacion 218
Optimizacion 225
Optimizacion 232
Optimizacion 239
Optimizacion 246
Optimizacion 253
Optimizacion 260
Optimizacion 267
Optimizacion 274
Optimizacion 281
Optimizacion 288
Optimizacion 295
Optimizacion 302
Optimizacion 309
Optimizacion 316
Optimizacion 323
Optimizacion 330
Optimizacion 337
Optimizacion 344
Optimizacion 351
Optimizacion 358
Optimizacion 365
Optimizacion 372
Optimizacion 379
Optimizacion 386
Optimizacion 393
Optimizacion 400
Optimizacion 407
Optimizacion 414
Optimizacion 421
Optimizacion 428
Optimizacion 435
Optimizacion 442
Optimizacion 449
Optimizacion 456
Optimizacion 463
Optimizacion 470
Optimizacion 477
Optimizacion 484
Optimizacion 491
Optimizacion 498
Optimizacion 505
Optimizacion 512
Optimizacion 519
Optimizacion 526
Optimizacion 533
Optimizacion 540
Optimizacion 547
Optimizacion 554
Optimizacion 561
Optimizacion 568
Optimizacion 575
Optimizacion 582
Optimizacion 589
Optimizacion 596
Optimizacion 603
Optimizacion 610
Optimizacion 617
Optimizacion 624
Function run_replics(<__main__.Simulation object at 0x11a330e80>,) {} Took 376.8204 seconds
moises@Moisess-Air Produccion-Tesis % python3 ~/Desktop/Produccion-Tesis/simulacion6.py
Traceback (most recent call last):
  File "/Users/moises/Desktop/Produccion-Tesis/simulacion6.py", line 306, in <module>
    with open('~/Desktop/Produccion-Tesis/random.json', 'r') as fp:
FileNotFoundError: [Errno 2] No such file or directory: '~/Desktop/Produccion-Tesis/random.json'
moises@Moisess-Air Produccion-Tesis % python3 ~/Desktop/Produccion-Tesis/simulacion6.py

Replica: 1
Set parameter Username
Academic license - for non-commercial use only - expires 2023-12-07
Optimizacion 1
Optimizacion 2
Optimizacion 3
Optimizacion 4
Optimizacion 5
Optimizacion 6
Optimizacion 7
Optimizacion 8
Optimizacion 9
Optimizacion 10
Optimizacion 11
Optimizacion 12
Optimizacion 13
Optimizacion 14
Optimizacion 15
Optimizacion 16
Optimizacion 17
Optimizacion 18
Optimizacion 19
Optimizacion 20
Optimizacion 21
Optimizacion 22
Optimizacion 23
Optimizacion 24
Optimizacion 25
Optimizacion 26
Optimizacion 27
Optimizacion 28
Optimizacion 29
Optimizacion 30
Optimizacion 31
Optimizacion 32
Optimizacion 33
Optimizacion 34
Optimizacion 35
Optimizacion 36
Optimizacion 37
Optimizacion 38
Optimizacion 39
Optimizacion 40
Optimizacion 41
Optimizacion 42
Optimizacion 43
Optimizacion 44
Optimizacion 45
Optimizacion 46
Optimizacion 47
Optimizacion 48
Optimizacion 49
Optimizacion 50
Optimizacion 51
Optimizacion 52
Optimizacion 53
Optimizacion 54
Optimizacion 55
Optimizacion 56
Optimizacion 57
Optimizacion 58
Optimizacion 59
Optimizacion 60
Optimizacion 61
Optimizacion 62
Optimizacion 63
Optimizacion 64
Optimizacion 65
Optimizacion 66
Optimizacion 67
Optimizacion 68
Optimizacion 69
Optimizacion 70
Optimizacion 71
Optimizacion 72
Optimizacion 73
Optimizacion 74
Optimizacion 75
Optimizacion 76
Optimizacion 77
Optimizacion 78
Optimizacion 79
Optimizacion 80
Optimizacion 81
Optimizacion 82
Optimizacion 83
Optimizacion 84
Optimizacion 85
Optimizacion 86
Optimizacion 87
Optimizacion 88
Optimizacion 89
Optimizacion 90
Optimizacion 91
Optimizacion 92
Optimizacion 93
Optimizacion 94
Optimizacion 95
Optimizacion 96
Optimizacion 97
Optimizacion 98
Optimizacion 99
Optimizacion 100
Optimizacion 101
Optimizacion 102
Optimizacion 103
Optimizacion 104
Optimizacion 105
Optimizacion 106
Optimizacion 107
Optimizacion 108
Optimizacion 109
Optimizacion 110
Optimizacion 111
Optimizacion 112
Optimizacion 113
Optimizacion 114
Optimizacion 115
Optimizacion 116
Optimizacion 117
Optimizacion 118
Optimizacion 119
Optimizacion 120
Optimizacion 121
Optimizacion 122
Optimizacion 123
Optimizacion 124
Optimizacion 125
Optimizacion 126
Optimizacion 127
Optimizacion 128
Optimizacion 129
Optimizacion 130
Optimizacion 131
Optimizacion 132
Optimizacion 133
Optimizacion 134
Optimizacion 135
Optimizacion 136
Optimizacion 137
Optimizacion 138
Optimizacion 139
Optimizacion 140
Optimizacion 141
Optimizacion 142
Optimizacion 143
Optimizacion 144
Optimizacion 145
Optimizacion 146
Optimizacion 147
Optimizacion 148
Optimizacion 149
Optimizacion 150
Optimizacion 151
Optimizacion 152
Optimizacion 153
Optimizacion 154
Optimizacion 155
Optimizacion 156
Optimizacion 157
Optimizacion 158
Optimizacion 159
Optimizacion 160
Optimizacion 161
Optimizacion 162
Optimizacion 163
Optimizacion 164
Optimizacion 165
Optimizacion 166
Optimizacion 167
Optimizacion 168
Optimizacion 169
Optimizacion 170
Optimizacion 171
Optimizacion 172
Optimizacion 173
Optimizacion 174
Optimizacion 175
Optimizacion 176
Optimizacion 177
Optimizacion 178
Optimizacion 179
Optimizacion 180
Optimizacion 181
Optimizacion 182
Optimizacion 183
Optimizacion 184
Optimizacion 185
Optimizacion 186
Optimizacion 187
Optimizacion 188
Optimizacion 189
Optimizacion 190
Optimizacion 191
Optimizacion 192
Optimizacion 193
Optimizacion 194
Optimizacion 195
Optimizacion 196
Optimizacion 197
Optimizacion 198
Optimizacion 199
Optimizacion 200
Optimizacion 201
Optimizacion 202
Optimizacion 203
Optimizacion 204
Optimizacion 205
Optimizacion 206
Optimizacion 207
Optimizacion 208
Optimizacion 209
Optimizacion 210
Optimizacion 211
Optimizacion 212
Optimizacion 213
Optimizacion 214
Optimizacion 215
Optimizacion 216
Optimizacion 217
Optimizacion 218
Optimizacion 219
Optimizacion 220
Optimizacion 221
Optimizacion 222
Optimizacion 223
Optimizacion 224
Optimizacion 225
Optimizacion 226
Optimizacion 227
Optimizacion 228
Optimizacion 229
Optimizacion 230
Optimizacion 231
Optimizacion 232
Optimizacion 233
Optimizacion 234
Optimizacion 235
Optimizacion 236
Optimizacion 237
Optimizacion 238
Optimizacion 239
Optimizacion 240
Optimizacion 241
Optimizacion 242
Optimizacion 243
Optimizacion 244
Optimizacion 245
Optimizacion 246
Optimizacion 247
Optimizacion 248
Optimizacion 249
Optimizacion 250
Optimizacion 251
Optimizacion 252
Optimizacion 253
Optimizacion 254
Optimizacion 255
Optimizacion 256
Optimizacion 257
Optimizacion 258
Optimizacion 259
Optimizacion 260
Optimizacion 261
Optimizacion 262
Optimizacion 263
Optimizacion 264
Optimizacion 265
Optimizacion 266
Optimizacion 267
Optimizacion 268
Optimizacion 269
Optimizacion 270
Optimizacion 271
Optimizacion 272
Optimizacion 273
Optimizacion 274
Optimizacion 275
Optimizacion 276
Optimizacion 277
Optimizacion 278
Optimizacion 279
Optimizacion 280
Optimizacion 281
Optimizacion 282
Optimizacion 283
Optimizacion 284
Optimizacion 285
Optimizacion 286
Optimizacion 287
Optimizacion 288
Optimizacion 289
Optimizacion 290
Optimizacion 291
Optimizacion 292
Optimizacion 293
Optimizacion 294
Optimizacion 295
Optimizacion 296
Optimizacion 297
Optimizacion 298
Optimizacion 299
Optimizacion 300
Optimizacion 301
Optimizacion 302
Optimizacion 303
Optimizacion 304
Optimizacion 305
Optimizacion 306
Optimizacion 307
Optimizacion 308
Optimizacion 309
Optimizacion 310
Optimizacion 311
Optimizacion 312
Optimizacion 313
Optimizacion 314
Optimizacion 315
Optimizacion 316
Optimizacion 317
Optimizacion 318
Optimizacion 319
Optimizacion 320
Optimizacion 321
Optimizacion 322
Optimizacion 323
Optimizacion 324
Optimizacion 325
Optimizacion 326
Optimizacion 327
Optimizacion 328
Optimizacion 329
Optimizacion 330
Optimizacion 331
Optimizacion 332
Optimizacion 333
Optimizacion 334
Optimizacion 335
Optimizacion 336
Optimizacion 337
Optimizacion 338
Optimizacion 339
Optimizacion 340
Optimizacion 341
Optimizacion 342
Optimizacion 343
Optimizacion 344
Optimizacion 345
Optimizacion 346
Optimizacion 347
Optimizacion 348
Optimizacion 349
Optimizacion 350
Optimizacion 351
Optimizacion 352
Optimizacion 353
Optimizacion 354
Optimizacion 355
Optimizacion 356
Optimizacion 357
Optimizacion 358
Optimizacion 359
Optimizacion 360
Optimizacion 361
Optimizacion 362
Optimizacion 363
Optimizacion 364
Optimizacion 365
Optimizacion 366
Optimizacion 367
Optimizacion 368
Optimizacion 369
Optimizacion 370
Optimizacion 371
Optimizacion 372
Optimizacion 373
Optimizacion 374
Optimizacion 375
Optimizacion 376
Optimizacion 377
Optimizacion 378
Optimizacion 379
Optimizacion 380
Optimizacion 381
Optimizacion 382
Optimizacion 383
Optimizacion 384
Optimizacion 385
Optimizacion 386
Optimizacion 387
Optimizacion 388
Optimizacion 389
Optimizacion 390
Optimizacion 391
Optimizacion 392
Optimizacion 393
Optimizacion 394
Optimizacion 395
Optimizacion 396
Optimizacion 397
Optimizacion 398
Optimizacion 399
Optimizacion 400
Optimizacion 401
Optimizacion 402
Optimizacion 403
Optimizacion 404
Optimizacion 405
Optimizacion 406
Optimizacion 407
Optimizacion 408
Optimizacion 409
Optimizacion 410
Optimizacion 411
Optimizacion 412
Optimizacion 413
Optimizacion 414
Optimizacion 415
Optimizacion 416
Optimizacion 417
Optimizacion 418
Optimizacion 419
Optimizacion 420
Optimizacion 421
Optimizacion 422
Optimizacion 423
Optimizacion 424
Optimizacion 425
Optimizacion 426
Optimizacion 427
Optimizacion 428
Optimizacion 429
Optimizacion 430
Optimizacion 431
Optimizacion 432
Optimizacion 433
Optimizacion 434
Optimizacion 435
Optimizacion 436
Optimizacion 437
Optimizacion 438
Optimizacion 439
Optimizacion 440
Optimizacion 441
Optimizacion 442
Optimizacion 443
Optimizacion 444
Optimizacion 445
Optimizacion 446
Optimizacion 447
Optimizacion 448
Optimizacion 449
Optimizacion 450
Optimizacion 451
Optimizacion 452
Optimizacion 453
Optimizacion 454
Optimizacion 455
Optimizacion 456
Optimizacion 457
Optimizacion 458
Optimizacion 459
Optimizacion 460
Optimizacion 461
Optimizacion 462
Optimizacion 463
Optimizacion 464
Optimizacion 465
Optimizacion 466
Optimizacion 467
Optimizacion 468
Optimizacion 469
Optimizacion 470
Optimizacion 471
Optimizacion 472
Optimizacion 473
Optimizacion 474
Optimizacion 475
Optimizacion 476
Optimizacion 477
Optimizacion 478
Optimizacion 479
Optimizacion 480
Optimizacion 481
Optimizacion 482
Optimizacion 483
Optimizacion 484
Optimizacion 485
Optimizacion 486
Optimizacion 487
Optimizacion 488
Optimizacion 489
Optimizacion 490
Optimizacion 491
Optimizacion 492
Optimizacion 493
Optimizacion 494
Optimizacion 495
Optimizacion 496
Optimizacion 497
Optimizacion 498
Optimizacion 499
Optimizacion 500
Optimizacion 501
Optimizacion 502
Optimizacion 503
Optimizacion 504
Optimizacion 505
Optimizacion 506
Optimizacion 507
Optimizacion 508
Optimizacion 509
Optimizacion 510
Optimizacion 511
Optimizacion 512
Optimizacion 513
Optimizacion 514
Optimizacion 515
Optimizacion 516
Optimizacion 517
Optimizacion 518
Optimizacion 519
Optimizacion 520
Optimizacion 521
Optimizacion 522
Optimizacion 523
Optimizacion 524
Optimizacion 525
Optimizacion 526
Optimizacion 527
Optimizacion 528
Optimizacion 529
Optimizacion 530
Optimizacion 531
Optimizacion 532
Optimizacion 533
Optimizacion 534
Optimizacion 535
Optimizacion 536
Optimizacion 537
Optimizacion 538
Optimizacion 539
Optimizacion 540
Optimizacion 541
Optimizacion 542
Optimizacion 543
Optimizacion 544
Optimizacion 545
Optimizacion 546
Optimizacion 547
Optimizacion 548
Optimizacion 549
Optimizacion 550
Optimizacion 551
Optimizacion 552
Optimizacion 553
Optimizacion 554
Optimizacion 555
Optimizacion 556
Optimizacion 557
Optimizacion 558
Optimizacion 559
Optimizacion 560
Optimizacion 561
Optimizacion 562
Optimizacion 563
Optimizacion 564
Optimizacion 565
Optimizacion 566
Optimizacion 567
Optimizacion 568
Optimizacion 569
Optimizacion 570
Optimizacion 571
Optimizacion 572
Optimizacion 573
Optimizacion 574
Optimizacion 575
Optimizacion 576
Optimizacion 577
Optimizacion 578
Optimizacion 579
Optimizacion 580
Optimizacion 581
Optimizacion 582
Optimizacion 583
Optimizacion 584
Optimizacion 585
Optimizacion 586
Optimizacion 587
Optimizacion 588
Optimizacion 589
Optimizacion 590
Optimizacion 591
Optimizacion 592
Optimizacion 593
Optimizacion 594
Optimizacion 595
Optimizacion 596
Optimizacion 597
Optimizacion 598
Optimizacion 599
Optimizacion 600
Optimizacion 601
Optimizacion 602
Optimizacion 603
Optimizacion 604
Optimizacion 605
Optimizacion 606
Optimizacion 607
Optimizacion 608
Optimizacion 609
Optimizacion 610
Optimizacion 611
Optimizacion 612
Optimizacion 613
Optimizacion 614
Optimizacion 615
Optimizacion 616
Optimizacion 617
Optimizacion 618
Optimizacion 619
Optimizacion 620
Optimizacion 621
Optimizacion 622
Optimizacion 623
Optimizacion 624
Optimizacion 625
Optimizacion 626
Optimizacion 627
Optimizacion 628
Optimizacion 629
Optimizacion 630

Replica: 2
Optimizacion 1
Optimizacion 2
Optimizacion 3
Optimizacion 4
Optimizacion 5
Optimizacion 6
Optimizacion 7
Optimizacion 8
Optimizacion 9
Optimizacion 10
Optimizacion 11
Optimizacion 12
Optimizacion 13
Optimizacion 14
Optimizacion 15
Optimizacion 16
Optimizacion 17
Optimizacion 18
Optimizacion 19
Optimizacion 20
Optimizacion 21
Optimizacion 22
Optimizacion 23
Optimizacion 24
Optimizacion 25
Optimizacion 26
Optimizacion 27
Optimizacion 28
Optimizacion 29
Optimizacion 30
Optimizacion 31
Optimizacion 32
Optimizacion 33
Optimizacion 34
Optimizacion 35
Optimizacion 36
Optimizacion 37
Optimizacion 38
Optimizacion 39
Optimizacion 40
Optimizacion 41
Optimizacion 42
Optimizacion 43
Optimizacion 44
Optimizacion 45
Optimizacion 46
Optimizacion 47
Optimizacion 48
Optimizacion 49
Optimizacion 50
Optimizacion 51
Optimizacion 52
Optimizacion 53
Optimizacion 54
Optimizacion 55
Optimizacion 56
Optimizacion 57
Optimizacion 58
Optimizacion 59
Optimizacion 60
Optimizacion 61
Optimizacion 62
Optimizacion 63
Optimizacion 64
Optimizacion 65
Optimizacion 66
Optimizacion 67
Optimizacion 68
Optimizacion 69
Optimizacion 70
Optimizacion 71
Optimizacion 72
Optimizacion 73
Optimizacion 74
Optimizacion 75
Optimizacion 76
Optimizacion 77
Optimizacion 78
Optimizacion 79
Optimizacion 80
Optimizacion 81
Optimizacion 82
Optimizacion 83
Optimizacion 84
Optimizacion 85
Optimizacion 86
Optimizacion 87
Optimizacion 88
Optimizacion 89
Optimizacion 90
Optimizacion 91
Optimizacion 92
Optimizacion 93
Optimizacion 94
Optimizacion 95
Optimizacion 96
Optimizacion 97
Optimizacion 98
Optimizacion 99
Optimizacion 100
Optimizacion 101
Optimizacion 102
Optimizacion 103
Optimizacion 104
Optimizacion 105
Optimizacion 106
Optimizacion 107
Optimizacion 108
Optimizacion 109
Optimizacion 110
Optimizacion 111
Optimizacion 112
Optimizacion 113
Optimizacion 114
Optimizacion 115
Optimizacion 116
Optimizacion 117
Optimizacion 118
Optimizacion 119
Optimizacion 120
Optimizacion 121
Optimizacion 122
Optimizacion 123
Optimizacion 124
Optimizacion 125
Optimizacion 126
Optimizacion 127
Optimizacion 128
Optimizacion 129
Optimizacion 130
Optimizacion 131
Optimizacion 132
Optimizacion 133
Optimizacion 134
Optimizacion 135
Optimizacion 136
Optimizacion 137
Optimizacion 138
Optimizacion 139
Optimizacion 140
Optimizacion 141
Optimizacion 142
Optimizacion 143
Optimizacion 144
Optimizacion 145
Optimizacion 146
Optimizacion 147
Optimizacion 148
Optimizacion 149
Optimizacion 150
Optimizacion 151
Optimizacion 152
Optimizacion 153
Optimizacion 154
Optimizacion 155
Optimizacion 156
Optimizacion 157
Optimizacion 158
Optimizacion 159
Optimizacion 160
Optimizacion 161
Optimizacion 162
Optimizacion 163
Optimizacion 164
Optimizacion 165
Optimizacion 166
Optimizacion 167
Optimizacion 168
Optimizacion 169
Optimizacion 170
Optimizacion 171
Optimizacion 172
Optimizacion 173
Optimizacion 174
Optimizacion 175
Optimizacion 176
Optimizacion 177
Optimizacion 178
Optimizacion 179
Optimizacion 180
Optimizacion 181
Optimizacion 182
Optimizacion 183
Optimizacion 184
Optimizacion 185
Optimizacion 186
Optimizacion 187
Optimizacion 188
Optimizacion 189
Optimizacion 190
Optimizacion 191
Optimizacion 192
Optimizacion 193
Optimizacion 194
Optimizacion 195
Optimizacion 196
Optimizacion 197
Optimizacion 198
Optimizacion 199
Optimizacion 200
Optimizacion 201
Optimizacion 202
Optimizacion 203
Optimizacion 204
Optimizacion 205
Optimizacion 206
Optimizacion 207
Optimizacion 208
Optimizacion 209
Optimizacion 210
Optimizacion 211
Optimizacion 212
Optimizacion 213
Optimizacion 214
Optimizacion 215
Optimizacion 216
Optimizacion 217
Optimizacion 218
Optimizacion 219
Optimizacion 220
Optimizacion 221
Optimizacion 222
Optimizacion 223
Optimizacion 224
Optimizacion 225
Optimizacion 226
Optimizacion 227
Optimizacion 228
Optimizacion 229
Optimizacion 230
Optimizacion 231
Optimizacion 232
Optimizacion 233
Optimizacion 234
Optimizacion 235
Optimizacion 236
Optimizacion 237
Optimizacion 238
Optimizacion 239
Optimizacion 240
Optimizacion 241
Optimizacion 242
Optimizacion 243
Optimizacion 244
Optimizacion 245
Optimizacion 246
Optimizacion 247
Optimizacion 248
Optimizacion 249
Optimizacion 250
Optimizacion 251
Optimizacion 252
Optimizacion 253
Optimizacion 254
Optimizacion 255
Optimizacion 256
Optimizacion 257
Optimizacion 258
Optimizacion 259
Optimizacion 260
Optimizacion 261
Optimizacion 262
Optimizacion 263
Optimizacion 264
Optimizacion 265
Optimizacion 266
Optimizacion 267
Optimizacion 268
Optimizacion 269
Optimizacion 270
Optimizacion 271
Optimizacion 272
Optimizacion 273
Optimizacion 274
Optimizacion 275
Optimizacion 276
Optimizacion 277
Optimizacion 278
Optimizacion 279
Optimizacion 280
Optimizacion 281
Optimizacion 282
Optimizacion 283
Optimizacion 284
Optimizacion 285
Optimizacion 286
Optimizacion 287
Optimizacion 288
Optimizacion 289
Optimizacion 290
Optimizacion 291
Optimizacion 292
Optimizacion 293
Optimizacion 294
Optimizacion 295
Optimizacion 296
Optimizacion 297
Optimizacion 298
Optimizacion 299
Optimizacion 300
Optimizacion 301
Optimizacion 302
Optimizacion 303
Optimizacion 304
Optimizacion 305
Optimizacion 306
Optimizacion 307
Optimizacion 308
Optimizacion 309
Optimizacion 310
Optimizacion 311
Optimizacion 312
Optimizacion 313
Optimizacion 314
Optimizacion 315
Optimizacion 316
Optimizacion 317
Optimizacion 318
Optimizacion 319
Optimizacion 320
Optimizacion 321
Optimizacion 322
Optimizacion 323
Optimizacion 324
Optimizacion 325
Optimizacion 326
Optimizacion 327
Optimizacion 328
Optimizacion 329
Optimizacion 330
Optimizacion 331
Optimizacion 332
Optimizacion 333
Optimizacion 334
Optimizacion 335
Optimizacion 336
Optimizacion 337
Optimizacion 338
Optimizacion 339
Optimizacion 340
Optimizacion 341
Optimizacion 342
Optimizacion 343
Optimizacion 344
Optimizacion 345
Optimizacion 346
Optimizacion 347
Optimizacion 348
Optimizacion 349
Optimizacion 350
Optimizacion 351
Optimizacion 352
Optimizacion 353
Optimizacion 354
Optimizacion 355
Optimizacion 356
Optimizacion 357
Optimizacion 358
Optimizacion 359
Optimizacion 360
Optimizacion 361
Optimizacion 362
Optimizacion 363
Optimizacion 364
Optimizacion 365
Optimizacion 366
Optimizacion 367
Optimizacion 368
Optimizacion 369
Optimizacion 370
Optimizacion 371
Optimizacion 372
Optimizacion 373
Optimizacion 374
Optimizacion 375
Optimizacion 376
Optimizacion 377
Optimizacion 378
Optimizacion 379
Optimizacion 380
Optimizacion 381
Optimizacion 382
Optimizacion 383
Optimizacion 384
Optimizacion 385
Optimizacion 386
Optimizacion 387
Optimizacion 388
Optimizacion 389
Optimizacion 390
Optimizacion 391
Optimizacion 392
Optimizacion 393
Optimizacion 394
Optimizacion 395
Optimizacion 396
Optimizacion 397
Optimizacion 398
Optimizacion 399
Optimizacion 400
Optimizacion 401
Optimizacion 402
Optimizacion 403
Optimizacion 404
Optimizacion 405
Optimizacion 406
Optimizacion 407
Optimizacion 408
Optimizacion 409
Optimizacion 410
Optimizacion 411
Optimizacion 412
Optimizacion 413
Optimizacion 414
Optimizacion 415
Optimizacion 416
Optimizacion 417
Optimizacion 418
Optimizacion 419
Optimizacion 420
Optimizacion 421
Optimizacion 422
Optimizacion 423
Optimizacion 424
Optimizacion 425
Optimizacion 426
Optimizacion 427
Optimizacion 428
Optimizacion 429
Optimizacion 430
Optimizacion 431
Optimizacion 432
Optimizacion 433
Optimizacion 434
Optimizacion 435
Optimizacion 436
Optimizacion 437
Optimizacion 438
Optimizacion 439
Optimizacion 440
Optimizacion 441
Optimizacion 442
Optimizacion 443
Optimizacion 444
Optimizacion 445
Optimizacion 446
Optimizacion 447
Optimizacion 448
Optimizacion 449
Optimizacion 450
Optimizacion 451
Optimizacion 452
Optimizacion 453
Optimizacion 454
Optimizacion 455
Optimizacion 456
Optimizacion 457
Optimizacion 458
Optimizacion 459
Optimizacion 460
Optimizacion 461
Optimizacion 462
Optimizacion 463
Optimizacion 464
Optimizacion 465
Optimizacion 466
Optimizacion 467
Optimizacion 468
Optimizacion 469
Optimizacion 470
Optimizacion 471
Optimizacion 472
Optimizacion 473
Optimizacion 474
Optimizacion 475
Optimizacion 476
Optimizacion 477
Optimizacion 478
Optimizacion 479
Optimizacion 480
Optimizacion 481
Optimizacion 482
Optimizacion 483
Optimizacion 484
Optimizacion 485
Optimizacion 486
Optimizacion 487
Optimizacion 488
Optimizacion 489
Optimizacion 490
Optimizacion 491
Optimizacion 492
Optimizacion 493
Optimizacion 494
Optimizacion 495
Optimizacion 496
Optimizacion 497
Optimizacion 498
Optimizacion 499
Optimizacion 500
Optimizacion 501
Optimizacion 502
Optimizacion 503
Optimizacion 504
Optimizacion 505
Optimizacion 506
Optimizacion 507
Optimizacion 508
Optimizacion 509
Optimizacion 510
Optimizacion 511
Optimizacion 512
Optimizacion 513
Optimizacion 514
Optimizacion 515
Optimizacion 516
Optimizacion 517
Optimizacion 518
Optimizacion 519
Optimizacion 520
Optimizacion 521
Optimizacion 522
Optimizacion 523
Optimizacion 524
Optimizacion 525
Optimizacion 526
Optimizacion 527
Optimizacion 528
Optimizacion 529
Optimizacion 530
Optimizacion 531
Optimizacion 532
Optimizacion 533
Optimizacion 534
Optimizacion 535
Optimizacion 536
Optimizacion 537
Optimizacion 538
Optimizacion 539
Optimizacion 540
Optimizacion 541
Optimizacion 542
Optimizacion 543
Optimizacion 544
Optimizacion 545
Optimizacion 546
Optimizacion 547
Optimizacion 548
Optimizacion 549
Optimizacion 550
Optimizacion 551
Optimizacion 552
Optimizacion 553
Optimizacion 554
Optimizacion 555
Optimizacion 556
Optimizacion 557
Optimizacion 558
Optimizacion 559
Optimizacion 560
Optimizacion 561
Optimizacion 562
Optimizacion 563
Optimizacion 564
Optimizacion 565
Optimizacion 566
Optimizacion 567
Optimizacion 568
Optimizacion 569
Optimizacion 570
Optimizacion 571
Optimizacion 572
Optimizacion 573
Optimizacion 574
Optimizacion 575
Optimizacion 576
Optimizacion 577
Optimizacion 578
Optimizacion 579
Optimizacion 580
Optimizacion 581
Optimizacion 582
Optimizacion 583
Optimizacion 584
Optimizacion 585
Optimizacion 586
Optimizacion 587
Optimizacion 588
Optimizacion 589
Optimizacion 590
Optimizacion 591
Optimizacion 592
Optimizacion 593
Optimizacion 594
Optimizacion 595
Optimizacion 596
Optimizacion 597
Optimizacion 598
Optimizacion 599
Optimizacion 600
Optimizacion 601
Optimizacion 602
Optimizacion 603
Optimizacion 604
Optimizacion 605
Optimizacion 606
Optimizacion 607
Optimizacion 608
Optimizacion 609
Optimizacion 610
Optimizacion 611
Optimizacion 612
Optimizacion 613
Optimizacion 614
Optimizacion 615
Optimizacion 616
Optimizacion 617
Optimizacion 618
Optimizacion 619
Optimizacion 620
Optimizacion 621
Optimizacion 622
Optimizacion 623
Optimizacion 624
Optimizacion 625
Optimizacion 626
Optimizacion 627
Optimizacion 628
Optimizacion 629
Optimizacion 630

Replica: 3
Optimizacion 1
Optimizacion 2
Optimizacion 3
Optimizacion 4
Optimizacion 5
Optimizacion 6
Optimizacion 7
Optimizacion 8
Optimizacion 9
Optimizacion 10
Optimizacion 11
Optimizacion 12
Optimizacion 13
Optimizacion 14
Optimizacion 15
Optimizacion 16
Optimizacion 17
Optimizacion 18
Optimizacion 19
Optimizacion 20
Optimizacion 21
Optimizacion 22
Optimizacion 23
Optimizacion 24
Optimizacion 25
Optimizacion 26
Optimizacion 27
Optimizacion 28
Optimizacion 29
Optimizacion 30
Optimizacion 31
Optimizacion 32
Optimizacion 33
Optimizacion 34
Optimizacion 35
Optimizacion 36
Optimizacion 37
Optimizacion 38
Optimizacion 39
Optimizacion 40
Optimizacion 41
Optimizacion 42
Optimizacion 43
Optimizacion 44
Optimizacion 45
Optimizacion 46
Optimizacion 47
Optimizacion 48
Optimizacion 49
Optimizacion 50
Optimizacion 51
Optimizacion 52
Optimizacion 53
Optimizacion 54
Optimizacion 55
Optimizacion 56
Optimizacion 57
Optimizacion 58
Optimizacion 59
Optimizacion 60
Optimizacion 61
Optimizacion 62
Optimizacion 63
Optimizacion 64
Optimizacion 65
Optimizacion 66
Optimizacion 67
Optimizacion 68
Optimizacion 69
Optimizacion 70
Optimizacion 71
Optimizacion 72
Optimizacion 73
Optimizacion 74
Optimizacion 75
Optimizacion 76
Optimizacion 77
Optimizacion 78
Optimizacion 79
Optimizacion 80
Optimizacion 81
Optimizacion 82
Optimizacion 83
Optimizacion 84
Optimizacion 85
Optimizacion 86
Optimizacion 87
Optimizacion 88
Optimizacion 89
Optimizacion 90
Optimizacion 91
Optimizacion 92
Optimizacion 93
Optimizacion 94
Optimizacion 95
Optimizacion 96
Optimizacion 97
Optimizacion 98
Optimizacion 99
Optimizacion 100
Optimizacion 101
Optimizacion 102
Optimizacion 103
Optimizacion 104
Optimizacion 105
Optimizacion 106
Optimizacion 107
Optimizacion 108
Optimizacion 109
Optimizacion 110
Optimizacion 111
Optimizacion 112
Optimizacion 113
Optimizacion 114
Optimizacion 115
Optimizacion 116
Optimizacion 117
Optimizacion 118
Optimizacion 119
Optimizacion 120
Optimizacion 121
Optimizacion 122
Optimizacion 123
Optimizacion 124
Optimizacion 125
Optimizacion 126
Optimizacion 127
Optimizacion 128
Optimizacion 129
Optimizacion 130
Optimizacion 131
Optimizacion 132
Optimizacion 133
Optimizacion 134
Optimizacion 135
Optimizacion 136
Optimizacion 137
Optimizacion 138
Optimizacion 139
Optimizacion 140
Optimizacion 141
Optimizacion 142
Optimizacion 143
Optimizacion 144
Optimizacion 145
Optimizacion 146
Optimizacion 147
Optimizacion 148
Optimizacion 149
Optimizacion 150
Optimizacion 151
Optimizacion 152
Optimizacion 153
Optimizacion 154
Optimizacion 155
Optimizacion 156
Optimizacion 157
Optimizacion 158
Optimizacion 159
Optimizacion 160
Optimizacion 161
Optimizacion 162
Optimizacion 163
Optimizacion 164
Optimizacion 165
Optimizacion 166
Optimizacion 167
Optimizacion 168
Optimizacion 169
Optimizacion 170
Optimizacion 171
Optimizacion 172
Optimizacion 173
Optimizacion 174
Optimizacion 175
Optimizacion 176
Optimizacion 177
Optimizacion 178
Optimizacion 179
Optimizacion 180
Optimizacion 181
Optimizacion 182
Optimizacion 183
Optimizacion 184
Optimizacion 185
Optimizacion 186
Optimizacion 187
Optimizacion 188
Optimizacion 189
Optimizacion 190
Optimizacion 191
Optimizacion 192
Optimizacion 193
Optimizacion 194
Optimizacion 195
Optimizacion 196
Optimizacion 197
Optimizacion 198
Optimizacion 199
Optimizacion 200
Optimizacion 201
Optimizacion 202
Optimizacion 203
Optimizacion 204
Optimizacion 205
Optimizacion 206
Optimizacion 207
Optimizacion 208
Optimizacion 209
Optimizacion 210
Optimizacion 211
Optimizacion 212
Optimizacion 213
Optimizacion 214
Optimizacion 215
Optimizacion 216
Optimizacion 217
Optimizacion 218
Optimizacion 219
Optimizacion 220
Optimizacion 221
Optimizacion 222
Optimizacion 223
Optimizacion 224
Optimizacion 225
Optimizacion 226
Optimizacion 227
Optimizacion 228
Optimizacion 229
Optimizacion 230
Optimizacion 231
Optimizacion 232
Optimizacion 233
Optimizacion 234
Optimizacion 235
Optimizacion 236
Optimizacion 237
Optimizacion 238
Optimizacion 239
Optimizacion 240
Optimizacion 241
Optimizacion 242
Optimizacion 243
Optimizacion 244
Optimizacion 245
Optimizacion 246
Optimizacion 247
Optimizacion 248
Optimizacion 249
Optimizacion 250
Optimizacion 251
Optimizacion 252
Optimizacion 253
Optimizacion 254
Optimizacion 255
Optimizacion 256
Optimizacion 257
Optimizacion 258
Optimizacion 259
Optimizacion 260
Optimizacion 261
Optimizacion 262
Optimizacion 263
Optimizacion 264
Optimizacion 265
Optimizacion 266
Optimizacion 267
Optimizacion 268
Optimizacion 269
Optimizacion 270
Optimizacion 271
Optimizacion 272
Optimizacion 273
Optimizacion 274
Optimizacion 275
Optimizacion 276
Optimizacion 277
Optimizacion 278
Optimizacion 279
Optimizacion 280
Optimizacion 281
Optimizacion 282
Optimizacion 283
Optimizacion 284
Optimizacion 285
Optimizacion 286
Optimizacion 287
Optimizacion 288
Optimizacion 289
Optimizacion 290
Optimizacion 291
Optimizacion 292
Optimizacion 293
Optimizacion 294
Optimizacion 295
Optimizacion 296
Optimizacion 297
Optimizacion 298
Optimizacion 299
Optimizacion 300
Optimizacion 301
Optimizacion 302
Optimizacion 303
Optimizacion 304
Optimizacion 305
Optimizacion 306
Optimizacion 307
Optimizacion 308
Optimizacion 309
Optimizacion 310
Optimizacion 311
Optimizacion 312
Optimizacion 313
Optimizacion 314
Optimizacion 315
Optimizacion 316
Optimizacion 317
Optimizacion 318
Optimizacion 319
Optimizacion 320
Optimizacion 321
Optimizacion 322
Optimizacion 323
Optimizacion 324
Optimizacion 325
Optimizacion 326
Optimizacion 327
Optimizacion 328
Optimizacion 329
Optimizacion 330
Optimizacion 331
Optimizacion 332
Optimizacion 333
Optimizacion 334
Optimizacion 335
Optimizacion 336
Optimizacion 337
Optimizacion 338
Optimizacion 339
Optimizacion 340
Optimizacion 341
Optimizacion 342
Optimizacion 343
Optimizacion 344
Optimizacion 345
Optimizacion 346
Optimizacion 347
Optimizacion 348
Optimizacion 349
Optimizacion 350
Optimizacion 351
Optimizacion 352
Optimizacion 353
Optimizacion 354
Optimizacion 355
Optimizacion 356
Optimizacion 357
Optimizacion 358
Optimizacion 359
Optimizacion 360
Optimizacion 361
Optimizacion 362
Optimizacion 363
Optimizacion 364
Optimizacion 365
Optimizacion 366
Optimizacion 367
Optimizacion 368
Optimizacion 369
Optimizacion 370
Optimizacion 371
Optimizacion 372
Optimizacion 373
Optimizacion 374
Optimizacion 375
Optimizacion 376
Optimizacion 377
Optimizacion 378
Optimizacion 379
Optimizacion 380
Optimizacion 381
Optimizacion 382
Optimizacion 383
Optimizacion 384
Optimizacion 385
Optimizacion 386
Optimizacion 387
Optimizacion 388
Optimizacion 389
Optimizacion 390
Optimizacion 391
Optimizacion 392
Optimizacion 393
Optimizacion 394
Optimizacion 395
Optimizacion 396
Optimizacion 397
Optimizacion 398
Optimizacion 399
Optimizacion 400
Optimizacion 401
Optimizacion 402
Optimizacion 403
Optimizacion 404
Optimizacion 405
Optimizacion 406
Optimizacion 407
Optimizacion 408
Optimizacion 409
Optimizacion 410
Optimizacion 411
Optimizacion 412
Optimizacion 413
Optimizacion 414
Optimizacion 415
Optimizacion 416
Optimizacion 417
Optimizacion 418
Optimizacion 419
Optimizacion 420
Optimizacion 421
Optimizacion 422
Optimizacion 423
Optimizacion 424
Optimizacion 425
Optimizacion 426
Optimizacion 427
Optimizacion 428
Optimizacion 429
Optimizacion 430
Optimizacion 431
Optimizacion 432
Optimizacion 433
Optimizacion 434
Optimizacion 435
Optimizacion 436
Optimizacion 437
Optimizacion 438
Optimizacion 439
Optimizacion 440
Optimizacion 441
Optimizacion 442
Optimizacion 443
Optimizacion 444
Optimizacion 445
Optimizacion 446
Optimizacion 447
Optimizacion 448
Optimizacion 449
Optimizacion 450
Optimizacion 451
Optimizacion 452
Optimizacion 453
Optimizacion 454
Optimizacion 455
Optimizacion 456
Optimizacion 457
Optimizacion 458
Optimizacion 459
Optimizacion 460
Optimizacion 461
Optimizacion 462
Optimizacion 463
Optimizacion 464
Optimizacion 465
Optimizacion 466
Optimizacion 467
Optimizacion 468
Optimizacion 469
Optimizacion 470
Optimizacion 471
Optimizacion 472
Optimizacion 473
Optimizacion 474
Optimizacion 475
Optimizacion 476
Optimizacion 477
Optimizacion 478
Optimizacion 479
Optimizacion 480
Optimizacion 481
Optimizacion 482
Optimizacion 483
Optimizacion 484
Optimizacion 485
Optimizacion 486
Optimizacion 487
Optimizacion 488
Optimizacion 489
Optimizacion 490
Optimizacion 491
Optimizacion 492
Optimizacion 493
Optimizacion 494
Optimizacion 495
Optimizacion 496
Optimizacion 497
Optimizacion 498
Optimizacion 499
Optimizacion 500
Optimizacion 501
Optimizacion 502
Optimizacion 503
Optimizacion 504
Optimizacion 505
Optimizacion 506
Optimizacion 507
Optimizacion 508
Optimizacion 509
Optimizacion 510
Optimizacion 511
Optimizacion 512
Optimizacion 513
Optimizacion 514
Optimizacion 515
Optimizacion 516
Optimizacion 517
Optimizacion 518
Optimizacion 519
Optimizacion 520
Optimizacion 521
Optimizacion 522
Optimizacion 523
Optimizacion 524
Optimizacion 525
Optimizacion 526
Optimizacion 527
Optimizacion 528
Optimizacion 529
Optimizacion 530
Optimizacion 531
Optimizacion 532
Optimizacion 533
Optimizacion 534
Optimizacion 535
Optimizacion 536
Optimizacion 537
Optimizacion 538
Optimizacion 539
Optimizacion 540
Optimizacion 541
Optimizacion 542
Optimizacion 543
Optimizacion 544
Optimizacion 545
Optimizacion 546
Optimizacion 547
Optimizacion 548
Optimizacion 549
Optimizacion 550
Optimizacion 551
Optimizacion 552
Optimizacion 553
Optimizacion 554
Optimizacion 555
Optimizacion 556
Optimizacion 557
Optimizacion 558
Optimizacion 559
Optimizacion 560
Optimizacion 561
Optimizacion 562
Optimizacion 563
Optimizacion 564
Optimizacion 565
Optimizacion 566
Optimizacion 567
Optimizacion 568
Optimizacion 569
Optimizacion 570
Optimizacion 571
Optimizacion 572
Optimizacion 573
Optimizacion 574
Optimizacion 575
Optimizacion 576
Optimizacion 577
Optimizacion 578
Optimizacion 579
Optimizacion 580
Optimizacion 581
Optimizacion 582
Optimizacion 583
Optimizacion 584
Optimizacion 585
Optimizacion 586
Optimizacion 587
Optimizacion 588
Optimizacion 589
Optimizacion 590
Optimizacion 591
Optimizacion 592
Optimizacion 593
Optimizacion 594
Optimizacion 595
Optimizacion 596
Optimizacion 597
Optimizacion 598
Optimizacion 599
Optimizacion 600
Optimizacion 601
Optimizacion 602
Optimizacion 603
Optimizacion 604
Optimizacion 605
Optimizacion 606
Optimizacion 607
Optimizacion 608
Optimizacion 609
Optimizacion 610
Optimizacion 611
Optimizacion 612
Optimizacion 613
Optimizacion 614
Optimizacion 615
Optimizacion 616
Optimizacion 617
Optimizacion 618
Optimizacion 619
Optimizacion 620
Optimizacion 621
Optimizacion 622
Optimizacion 623
Optimizacion 624
Optimizacion 625
Optimizacion 626
Optimizacion 627
Optimizacion 628
Optimizacion 629
Optimizacion 630
Function run_replics(<__main__.Simulation object at 0x12966ce80>,) {} Took 2661.3873 seconds
moises@Moisess-Air Produccion-Tesis % 
