moises@Moisess-Air Produccion-Tesis % python3 ~/Desktop/Produccion-Tesis/simulacion5.py

Replica: 1
Set parameter Username
Academic license - for non-commercial use only - expires 2023-12-07
Optimizacion 1
Optimizacion 8
Optimizacion 15
Optimizacion 22
Optimizacion 29
Optimizacion 36
Optimizacion 43
Optimizacion 50
Optimizacion 57
Optimizacion 64
Optimizacion 71
Optimizacion 78
Optimizacion 85
Optimizacion 92
Optimizacion 99
Optimizacion 106
Optimizacion 113
Optimizacion 120
Optimizacion 127
Optimizacion 134
Optimizacion 141
Optimizacion 148
Optimizacion 155
Optimizacion 162
Optimizacion 169
Optimizacion 176
Optimizacion 183
Optimizacion 190
Optimizacion 197
Optimizacion 204
Optimizacion 211
Optimizacion 218
Optimizacion 225
Optimizacion 232
Optimizacion 239
Optimizacion 246
Optimizacion 253
Optimizacion 260
Optimizacion 267
Optimizacion 274
Optimizacion 281
Optimizacion 288
Optimizacion 295
Optimizacion 302
Optimizacion 309
Optimizacion 316
Optimizacion 323
Optimizacion 330
Optimizacion 337
Optimizacion 344
Optimizacion 351
Optimizacion 358
Optimizacion 365
Optimizacion 372
Optimizacion 379
Optimizacion 386
Optimizacion 393
Optimizacion 400
Optimizacion 407
Optimizacion 414
Optimizacion 421
Optimizacion 428
Optimizacion 435
Optimizacion 442
Optimizacion 449
Optimizacion 456
Optimizacion 463
Optimizacion 470
Optimizacion 477
Optimizacion 484
Optimizacion 491
Optimizacion 498
Optimizacion 505
Optimizacion 512
Optimizacion 519
Optimizacion 526
Optimizacion 533
Optimizacion 540
Optimizacion 547
Optimizacion 554
Optimizacion 561
Optimizacion 568
Optimizacion 575
Optimizacion 582
Optimizacion 589
Optimizacion 596
Optimizacion 603
Optimizacion 610
Optimizacion 617
Optimizacion 624

Replica: 2
Optimizacion 1
Optimizacion 8
Optimizacion 15
Optimizacion 22
Optimizacion 29
Optimizacion 36
Optimizacion 43
Optimizacion 50
Optimizacion 57
Optimizacion 64
Optimizacion 71
Optimizacion 78
Optimizacion 85
Optimizacion 92
Optimizacion 99
Optimizacion 106
Optimizacion 113
Optimizacion 120
Optimizacion 127
Optimizacion 134
Optimizacion 141
Optimizacion 148
Optimizacion 155
Optimizacion 162
Optimizacion 169
Optimizacion 176
Optimizacion 183
Optimizacion 190
Optimizacion 197
Optimizacion 204
Optimizacion 211
Optimizacion 218
Optimizacion 225
Optimizacion 232
Optimizacion 239
Optimizacion 246
Optimizacion 253
Optimizacion 260
Optimizacion 267
Optimizacion 274
Optimizacion 281
Optimizacion 288
Optimizacion 295
Optimizacion 302
Optimizacion 309
Optimizacion 316
Optimizacion 323
Optimizacion 330
Optimizacion 337
Optimizacion 344
Optimizacion 351
Optimizacion 358
Optimizacion 365
Optimizacion 372
Optimizacion 379
Optimizacion 386
Optimizacion 393
Optimizacion 400
Optimizacion 407
Optimizacion 414
Optimizacion 421
Optimizacion 428
Optimizacion 435
Optimizacion 442
Optimizacion 449
Optimizacion 456
Optimizacion 463
Optimizacion 470
Optimizacion 477
Optimizacion 484
Optimizacion 491
Optimizacion 498
Optimizacion 505
Optimizacion 512
Optimizacion 519
Optimizacion 526
Optimizacion 533
Optimizacion 540
Optimizacion 547
Optimizacion 554
Optimizacion 561
Optimizacion 568
Optimizacion 575
Optimizacion 582
Optimizacion 589
Optimizacion 596
Optimizacion 603
Optimizacion 610
Optimizacion 617
Optimizacion 624

Replica: 3
Optimizacion 1
Optimizacion 8
Optimizacion 15
Optimizacion 22
Optimizacion 29
Optimizacion 36
Optimizacion 43
Optimizacion 50
Optimizacion 57
Optimizacion 64
Optimizacion 71
Optimizacion 78
Optimizacion 85
Optimizacion 92
Optimizacion 99
Optimizacion 106
Optimizacion 113
Optimizacion 120
Optimizacion 127
Optimizacion 134
Optimizacion 141
Optimizacion 148
Optimizacion 155
Optimizacion 162
Optimizacion 169
Optimizacion 176
Optimizacion 183
Optimizacion 190
Optimizacion 197
Optimizacion 204
Optimizacion 211
Optimizacion 218
Optimizacion 225
Optimizacion 232
Optimizacion 239
Optimizacion 246
Optimizacion 253
Optimizacion 260
Optimizacion 267
Optimizacion 274
Optimizacion 281
Optimizacion 288
Optimizacion 295
Optimizacion 302
Optimizacion 309
Optimizacion 316
Optimizacion 323
Optimizacion 330
Optimizacion 337
Optimizacion 344
Optimizacion 351
Optimizacion 358
Optimizacion 365
Optimizacion 372
Optimizacion 379
Optimizacion 386
Optimizacion 393
Optimizacion 400
Optimizacion 407
Optimizacion 414
Optimizacion 421
Optimizacion 428
Optimizacion 435
Optimizacion 442
Optimizacion 449
Optimizacion 456
Optimizacion 463
Optimizacion 470
Optimizacion 477
Optimizacion 484
Optimizacion 491
Optimizacion 498
Optimizacion 505
Optimizacion 512
Optimizacion 519
Optimizacion 526
Optimizacion 533
Optimizacion 540
Optimizacion 547
Optimizacion 554
Optimizacion 561
Optimizacion 568
Optimizacion 575
Optimizacion 582
Optimizacion 589
Optimizacion 596
Optimizacion 603
Optimizacion 610
Optimizacion 617
Optimizacion 624
Function run_replics(<__main__.Simulation object at 0x121468e80>,) {} Took 370.2408 seconds
moises@Moisess-Air Produccion-Tesis % 
